build/intermediates/manifest_merge_blame_file/debug/processDebugMainManifest/manifest-merger-blame-debug-report.txt
1<?xml version="1.0" encoding="utf-8"?>
2<manifest xmlns:android="http://schemas.android.com/apk/res/android"
3    package="pl.rikitiki.im"
4    android:versionCode="232"
5    android:versionName="1.23" >
6
7    <uses-sdk
7-->src/main/AndroidManifest.xml:31:5-71
8        android:minSdkVersion="21"
8-->INJECTED
9        android:targetSdkVersion="36" />
9-->INJECTED
10
11    <uses-permission android:name="android.permission.WRITE_EXTERNAL_STORAGE" />
11-->src/main/AndroidManifest.xml:5:5-81
11-->src/main/AndroidManifest.xml:5:22-78
12    <uses-permission android:name="android.permission.READ_EXTERNAL_STORAGE" />
12-->src/main/AndroidManifest.xml:6:5-80
12-->src/main/AndroidManifest.xml:6:22-77
13    <uses-permission android:name="android.permission.READ_CONTACTS" />
13-->src/main/AndroidManifest.xml:7:5-72
13-->src/main/AndroidManifest.xml:7:22-69
14    <uses-permission android:name="android.permission.READ_PROFILE" />
14-->src/main/AndroidManifest.xml:8:5-71
14-->src/main/AndroidManifest.xml:8:22-68
15    <uses-permission android:name="android.permission.INTERNET" />
15-->src/main/AndroidManifest.xml:9:5-67
15-->src/main/AndroidManifest.xml:9:22-64
16    <uses-permission android:name="android.permission.ACCESS_NETWORK_STATE" />
16-->src/main/AndroidManifest.xml:10:5-79
16-->src/main/AndroidManifest.xml:10:22-76
17    <uses-permission android:name="android.permission.WAKE_LOCK" />
17-->src/main/AndroidManifest.xml:11:5-68
17-->src/main/AndroidManifest.xml:11:22-65
18    <uses-permission android:name="android.permission.RECEIVE_BOOT_COMPLETED" />
18-->src/main/AndroidManifest.xml:12:5-81
18-->src/main/AndroidManifest.xml:12:22-78
19    <uses-permission android:name="android.permission.VIBRATE" />
19-->src/main/AndroidManifest.xml:13:5-66
19-->src/main/AndroidManifest.xml:13:22-63
20    <uses-permission android:name="android.permission.NFC" />
20-->src/main/AndroidManifest.xml:14:5-62
20-->src/main/AndroidManifest.xml:14:22-59
21    <uses-permission android:name="android.permission.REQUEST_IGNORE_BATTERY_OPTIMIZATIONS" />
21-->src/main/AndroidManifest.xml:15:5-95
21-->src/main/AndroidManifest.xml:15:22-92
22
23    <!-- Voice/video calling (Jingle RTP over WebRTC) -->
24    <uses-permission android:name="android.permission.RECORD_AUDIO" />
24-->src/main/AndroidManifest.xml:18:5-71
24-->src/main/AndroidManifest.xml:18:22-68
25    <uses-permission android:name="android.permission.MODIFY_AUDIO_SETTINGS" />
25-->src/main/AndroidManifest.xml:19:5-80
25-->src/main/AndroidManifest.xml:19:22-77
26    <uses-permission android:name="android.permission.CAMERA" />
26-->src/main/AndroidManifest.xml:20:5-65
26-->src/main/AndroidManifest.xml:20:22-62
27    <!-- Bluetooth audio-route selection during calls (SCO start/stop, device names) -->
28    <uses-permission
28-->src/main/AndroidManifest.xml:22:5-95
29        android:name="android.permission.BLUETOOTH"
29-->src/main/AndroidManifest.xml:22:22-65
30        android:maxSdkVersion="30" />
30-->src/main/AndroidManifest.xml:22:66-92
31    <uses-permission
31-->src/main/AndroidManifest.xml:23:5-101
32        android:name="android.permission.BLUETOOTH_ADMIN"
32-->src/main/AndroidManifest.xml:23:22-71
33        android:maxSdkVersion="30" />
33-->src/main/AndroidManifest.xml:23:72-98
34    <uses-permission android:name="android.permission.BLUETOOTH_CONNECT" />
34-->src/main/AndroidManifest.xml:24:5-76
34-->src/main/AndroidManifest.xml:24:22-73
35    <uses-permission android:name="android.permission.FOREGROUND_SERVICE" />
35-->src/main/AndroidManifest.xml:25:5-77
35-->src/main/AndroidManifest.xml:25:22-74
36    <uses-permission android:name="android.permission.FOREGROUND_SERVICE_MICROPHONE" />
36-->src/main/AndroidManifest.xml:26:5-88
36-->src/main/AndroidManifest.xml:26:22-85
37    <uses-permission android:name="android.permission.FOREGROUND_SERVICE_CAMERA" />
37-->src/main/AndroidManifest.xml:27:5-84
37-->src/main/AndroidManifest.xml:27:22-81
38    <uses-permission android:name="android.permission.USE_FULL_SCREEN_INTENT" />
38-->src/main/AndroidManifest.xml:28:5-81
38-->src/main/AndroidManifest.xml:28:22-78
39    <uses-permission android:name="android.permission.POST_NOTIFICATIONS" />
39-->src/main/AndroidManifest.xml:29:5-77
39-->src/main/AndroidManifest.xml:29:22-74
40
41    <permission
41-->[androidx.core:core:1.15.0] AndroidManifest.xml:22:5-24:47
42        android:name="pl.rikitiki.im.DYNAMIC_RECEIVER_NOT_EXPORTED_PERMISSION"
42-->[androidx.core:core:1.15.0] AndroidManifest.xml:23:9-81
43        android:protectionLevel="signature" />
43-->[androidx.core:core:1.15.0] AndroidManifest.xml:24:9-44
44
45    <uses-permission android:name="pl.rikitiki.im.DYNAMIC_RECEIVER_NOT_EXPORTED_PERMISSION" /> <!-- for android -->
45-->[androidx.core:core:1.15.0] AndroidManifest.xml:26:5-97
45-->[androidx.core:core:1.15.0] AndroidManifest.xml:26:22-94
46    <!-- <uses-permission android:name="com.android.launcher.permission.READ_SETTINGS"/> -->
47    <!-- <uses-permission android:name="com.android.launcher.permission.WRITE_SETTINGS"/> -->
48    <!-- <uses-permission android:name="com.android.launcher.permission.INSTALL_SHORTCUT" /> -->
49    <!-- <uses-permission android:name="com.android.launcher.permission.UNINSTALL_SHORTCUT" /> -->
50    <!-- for Samsung -->
51    <uses-permission android:name="com.sec.android.provider.badge.permission.READ" />
51-->[me.leolin:ShortcutBadger:1.1.17] AndroidManifest.xml:19:5-86
51-->[me.leolin:ShortcutBadger:1.1.17] AndroidManifest.xml:19:22-83
52    <uses-permission android:name="com.sec.android.provider.badge.permission.WRITE" /> <!-- for htc -->
52-->[me.leolin:ShortcutBadger:1.1.17] AndroidManifest.xml:20:5-87
52-->[me.leolin:ShortcutBadger:1.1.17] AndroidManifest.xml:20:22-84
53    <uses-permission android:name="com.htc.launcher.permission.READ_SETTINGS" />
53-->[me.leolin:ShortcutBadger:1.1.17] AndroidManifest.xml:23:5-81
53-->[me.leolin:ShortcutBadger:1.1.17] AndroidManifest.xml:23:22-78
54    <uses-permission android:name="com.htc.launcher.permission.UPDATE_SHORTCUT" /> <!-- for sony -->
54-->[me.leolin:ShortcutBadger:1.1.17] AndroidManifest.xml:24:5-83
54-->[me.leolin:ShortcutBadger:1.1.17] AndroidManifest.xml:24:22-80
55    <uses-permission android:name="com.sonyericsson.home.permission.BROADCAST_BADGE" />
55-->[me.leolin:ShortcutBadger:1.1.17] AndroidManifest.xml:27:5-88
55-->[me.leolin:ShortcutBadger:1.1.17] AndroidManifest.xml:27:22-85
56    <uses-permission android:name="com.sonymobile.home.permission.PROVIDER_INSERT_BADGE" /> <!-- for apex -->
56-->[me.leolin:ShortcutBadger:1.1.17] AndroidManifest.xml:28:5-92
56-->[me.leolin:ShortcutBadger:1.1.17] AndroidManifest.xml:28:22-89
57    <uses-permission android:name="com.anddoes.launcher.permission.UPDATE_COUNT" /> <!-- for solid -->
57-->[me.leolin:ShortcutBadger:1.1.17] AndroidManifest.xml:31:5-84
57-->[me.leolin:ShortcutBadger:1.1.17] AndroidManifest.xml:31:22-81
58    <uses-permission android:name="com.majeur.launcher.permission.UPDATE_BADGE" /> <!-- for huawei -->
58-->[me.leolin:ShortcutBadger:1.1.17] AndroidManifest.xml:34:5-83
58-->[me.leolin:ShortcutBadger:1.1.17] AndroidManifest.xml:34:22-80
59    <uses-permission android:name="com.huawei.android.launcher.permission.CHANGE_BADGE" />
59-->[me.leolin:ShortcutBadger:1.1.17] AndroidManifest.xml:37:5-91
59-->[me.leolin:ShortcutBadger:1.1.17] AndroidManifest.xml:37:22-88
60    <uses-permission android:name="com.huawei.android.launcher.permission.READ_SETTINGS" />
60-->[me.leolin:ShortcutBadger:1.1.17] AndroidManifest.xml:38:5-92
60-->[me.leolin:ShortcutBadger:1.1.17] AndroidManifest.xml:38:22-89
61    <uses-permission android:name="com.huawei.android.launcher.permission.WRITE_SETTINGS" /> <!-- for ZUK -->
61-->[me.leolin:ShortcutBadger:1.1.17] AndroidManifest.xml:39:5-93
61-->[me.leolin:ShortcutBadger:1.1.17] AndroidManifest.xml:39:22-90
62    <uses-permission android:name="android.permission.READ_APP_BADGE" /> <!-- for OPPO -->
62-->[me.leolin:ShortcutBadger:1.1.17] AndroidManifest.xml:42:5-73
62-->[me.leolin:ShortcutBadger:1.1.17] AndroidManifest.xml:42:22-70
63    <uses-permission android:name="com.oppo.launcher.permission.READ_SETTINGS" />
63-->[me.leolin:ShortcutBadger:1.1.17] AndroidManifest.xml:45:5-82
63-->[me.leolin:ShortcutBadger:1.1.17] AndroidManifest.xml:45:22-79
64    <uses-permission android:name="com.oppo.launcher.permission.WRITE_SETTINGS" /> <!-- for EvMe -->
64-->[me.leolin:ShortcutBadger:1.1.17] AndroidManifest.xml:46:5-83
64-->[me.leolin:ShortcutBadger:1.1.17] AndroidManifest.xml:46:22-80
65    <uses-permission android:name="me.everything.badger.permission.BADGE_COUNT_READ" />
65-->[me.leolin:ShortcutBadger:1.1.17] AndroidManifest.xml:49:5-88
65-->[me.leolin:ShortcutBadger:1.1.17] AndroidManifest.xml:49:22-85
66    <uses-permission android:name="me.everything.badger.permission.BADGE_COUNT_WRITE" />
66-->[me.leolin:ShortcutBadger:1.1.17] AndroidManifest.xml:50:5-89
66-->[me.leolin:ShortcutBadger:1.1.17] AndroidManifest.xml:50:22-86
67
68    <application
68-->src/main/AndroidManifest.xml:34:5-244:19
69        android:allowBackup="true"
69-->src/main/AndroidManifest.xml:36:9-35
70        android:appComponentFactory="androidx.core.app.CoreComponentFactory"
70-->[androidx.core:core:1.15.0] AndroidManifest.xml:28:18-86
71        android:debuggable="true"
72        android:extractNativeLibs="false"
72-->INJECTED
73        android:icon="@drawable/ic_launcher"
73-->src/main/AndroidManifest.xml:37:9-45
74        android:label="@string/app_name"
74-->src/main/AndroidManifest.xml:38:9-41
75        android:networkSecurityConfig="@xml/network_security_configuration"
75-->src/main/AndroidManifest.xml:35:9-76
76        android:theme="@style/ConversationsTheme" >
76-->src/main/AndroidManifest.xml:39:9-50
77        <meta-data
77-->src/main/AndroidManifest.xml:42:9-43:59
78            android:name="com.google.android.gms.car.application"
78-->src/main/AndroidManifest.xml:42:20-73
79            android:resource="@xml/automotive_app_desc" />
79-->src/main/AndroidManifest.xml:43:13-56
80
81        <service
81-->src/main/AndroidManifest.xml:45:9-47:65
82            android:name="pl.rikitiki.im.services.XmppConnectionService"
82-->src/main/AndroidManifest.xml:46:13-59
83            android:foregroundServiceType="microphone|camera" />
83-->src/main/AndroidManifest.xml:47:13-62
84
85        <receiver
85-->src/main/AndroidManifest.xml:49:9-58:20
86            android:name="pl.rikitiki.im.services.EventReceiver"
86-->src/main/AndroidManifest.xml:50:13-51
87            android:exported="false" >
87-->src/main/AndroidManifest.xml:51:13-37
88            <intent-filter>
88-->src/main/AndroidManifest.xml:52:13-57:29
89                <action android:name="android.intent.action.BOOT_COMPLETED" />
89-->src/main/AndroidManifest.xml:53:17-79
89-->src/main/AndroidManifest.xml:53:25-76
90                <action android:name="android.net.conn.CONNECTIVITY_CHANGE" />
90-->src/main/AndroidManifest.xml:54:17-79
90-->src/main/AndroidManifest.xml:54:25-76
91                <action android:name="android.intent.action.ACTION_SHUTDOWN" />
91-->src/main/AndroidManifest.xml:55:17-80
91-->src/main/AndroidManifest.xml:55:25-77
92                <action android:name="android.media.RINGER_MODE_CHANGED" />
92-->src/main/AndroidManifest.xml:56:17-76
92-->src/main/AndroidManifest.xml:56:25-73
93            </intent-filter>
94        </receiver>
95
96        <activity
96-->src/main/AndroidManifest.xml:60:9-73:20
97            android:name="pl.rikitiki.im.ui.ConversationActivity"
97-->src/main/AndroidManifest.xml:61:13-52
98            android:exported="true"
98-->src/main/AndroidManifest.xml:67:13-36
99            android:label="@string/app_name"
99-->src/main/AndroidManifest.xml:62:13-45
100            android:launchMode="singleTask"
100-->src/main/AndroidManifest.xml:63:13-44
101            android:minHeight="300dp"
101-->src/main/AndroidManifest.xml:65:13-38
102            android:minWidth="300dp"
102-->src/main/AndroidManifest.xml:64:13-37
103            android:windowSoftInputMode="stateHidden" >
103-->src/main/AndroidManifest.xml:66:13-54
104            <intent-filter>
104-->src/main/AndroidManifest.xml:68:13-72:29
105                <action android:name="android.intent.action.MAIN" />
105-->src/main/AndroidManifest.xml:69:17-69
105-->src/main/AndroidManifest.xml:69:25-66
106
107                <category android:name="android.intent.category.LAUNCHER" />
107-->src/main/AndroidManifest.xml:71:17-77
107-->src/main/AndroidManifest.xml:71:27-74
108            </intent-filter>
109        </activity>
110        <activity
110-->src/main/AndroidManifest.xml:74:9-114:20
111            android:name="pl.rikitiki.im.ui.StartConversationActivity"
111-->src/main/AndroidManifest.xml:75:13-57
112            android:exported="true"
112-->src/main/AndroidManifest.xml:78:13-36
113            android:label="@string/title_activity_start_conversation"
113-->src/main/AndroidManifest.xml:76:13-70
114            android:launchMode="singleTask" >
114-->src/main/AndroidManifest.xml:77:13-44
115            <intent-filter>
115-->src/main/AndroidManifest.xml:79:13-86:29
116                <action android:name="android.intent.action.SENDTO" />
116-->src/main/AndroidManifest.xml:80:17-71
116-->src/main/AndroidManifest.xml:80:25-68
117
118                <category android:name="android.intent.category.DEFAULT" />
118-->src/main/AndroidManifest.xml:82:17-76
118-->src/main/AndroidManifest.xml:82:27-73
119
120                <data android:scheme="imto" />
120-->src/main/AndroidManifest.xml:84:17-47
120-->src/main/AndroidManifest.xml:84:23-44
121                <data android:host="jabber" />
121-->src/main/AndroidManifest.xml:84:17-47
121-->src/main/AndroidManifest.xml:85:23-44
122            </intent-filter>
123            <intent-filter>
123-->src/main/AndroidManifest.xml:87:13-94:29
124                <action android:name="android.intent.action.VIEW" />
124-->src/main/AndroidManifest.xml:88:17-69
124-->src/main/AndroidManifest.xml:88:25-66
125
126                <category android:name="android.intent.category.DEFAULT" />
126-->src/main/AndroidManifest.xml:82:17-76
126-->src/main/AndroidManifest.xml:82:27-73
127                <category android:name="android.intent.category.BROWSABLE" />
127-->src/main/AndroidManifest.xml:91:17-78
127-->src/main/AndroidManifest.xml:91:27-75
128
129                <data android:scheme="xmpp" />
129-->src/main/AndroidManifest.xml:84:17-47
129-->src/main/AndroidManifest.xml:84:23-44
130            </intent-filter>
131            <intent-filter>
131-->src/main/AndroidManifest.xml:95:13-101:29
132                <action android:name="android.nfc.action.NDEF_DISCOVERED" />
132-->src/main/AndroidManifest.xml:96:17-77
132-->src/main/AndroidManifest.xml:96:25-74
133
134                <category android:name="android.intent.category.DEFAULT" />
134-->src/main/AndroidManifest.xml:82:17-76
134-->src/main/AndroidManifest.xml:82:27-73
135
136                <data android:scheme="xmpp" />
136-->src/main/AndroidManifest.xml:84:17-47
136-->src/main/AndroidManifest.xml:84:23-44
137            </intent-filter>
138            <intent-filter android:autoVerify="true" >
138-->src/main/AndroidManifest.xml:102:13-112:29
138-->src/main/AndroidManifest.xml:102:28-53
139                <action android:name="android.intent.action.VIEW" />
139-->src/main/AndroidManifest.xml:88:17-69
139-->src/main/AndroidManifest.xml:88:25-66
140
141                <category android:name="android.intent.category.DEFAULT" />
141-->src/main/AndroidManifest.xml:82:17-76
141-->src/main/AndroidManifest.xml:82:27-73
142                <category android:name="android.intent.category.BROWSABLE" />
142-->src/main/AndroidManifest.xml:91:17-78
142-->src/main/AndroidManifest.xml:91:27-75
143
144                <data android:scheme="https" />
144-->src/main/AndroidManifest.xml:84:17-47
144-->src/main/AndroidManifest.xml:84:23-44
145                <data android:host="conversations.im" />
145-->src/main/AndroidManifest.xml:84:17-47
145-->src/main/AndroidManifest.xml:85:23-44
146                <data android:pathPrefix="/i/" />
146-->src/main/AndroidManifest.xml:84:17-47
146-->src/main/AndroidManifest.xml:110:23-47
147                <data android:pathPrefix="/j/" />
147-->src/main/AndroidManifest.xml:84:17-47
147-->src/main/AndroidManifest.xml:110:23-47
148            </intent-filter>
149        </activity>
150        <activity
150-->src/main/AndroidManifest.xml:115:9-118:46
151            android:name="pl.rikitiki.im.ui.WelcomeActivity"
151-->src/main/AndroidManifest.xml:116:13-47
152            android:label="@string/app_name"
152-->src/main/AndroidManifest.xml:117:13-45
153            android:launchMode="singleTask" />
153-->src/main/AndroidManifest.xml:118:13-44
154        <activity
154-->src/main/AndroidManifest.xml:119:9-122:46
155            android:name="pl.rikitiki.im.ui.PhoneVerificationActivity"
155-->src/main/AndroidManifest.xml:120:13-57
156            android:label="@string/title_activity_phone_verification"
156-->src/main/AndroidManifest.xml:121:13-70
157            android:launchMode="singleTask" />
157-->src/main/AndroidManifest.xml:122:13-44
158        <activity
158-->src/main/AndroidManifest.xml:123:9-125:60
159            android:name="pl.rikitiki.im.ui.PhoneContactsActivity"
159-->src/main/AndroidManifest.xml:124:13-53
160            android:label="@string/phone_contacts_title" />
160-->src/main/AndroidManifest.xml:125:13-57
161        <activity
161-->src/main/AndroidManifest.xml:126:9-131:70
162            android:name="pl.rikitiki.im.ui.SetPresenceActivity"
162-->src/main/AndroidManifest.xml:127:13-51
163            android:configChanges="orientation|screenSize"
163-->src/main/AndroidManifest.xml:128:13-59
164            android:label="@string/change_presence"
164-->src/main/AndroidManifest.xml:129:13-52
165            android:launchMode="singleTask"
165-->src/main/AndroidManifest.xml:130:13-44
166            android:windowSoftInputMode="stateHidden|adjustResize" />
166-->src/main/AndroidManifest.xml:131:13-67
167        <activity
167-->src/main/AndroidManifest.xml:132:9-134:63
168            android:name="pl.rikitiki.im.ui.SettingsActivity"
168-->src/main/AndroidManifest.xml:133:13-48
169            android:label="@string/title_activity_settings" />
169-->src/main/AndroidManifest.xml:134:13-60
170        <activity
170-->src/main/AndroidManifest.xml:135:9-137:69
171            android:name="pl.rikitiki.im.ui.ChooseContactActivity"
171-->src/main/AndroidManifest.xml:136:13-53
172            android:label="@string/title_activity_choose_contact" />
172-->src/main/AndroidManifest.xml:137:13-66
173        <activity
173-->src/main/AndroidManifest.xml:138:9-140:65
174            android:name="pl.rikitiki.im.ui.BlocklistActivity"
174-->src/main/AndroidManifest.xml:139:13-49
175            android:label="@string/title_activity_block_list" />
175-->src/main/AndroidManifest.xml:140:13-62
176        <activity
176-->src/main/AndroidManifest.xml:141:9-143:65
177            android:name="pl.rikitiki.im.ui.ChangePasswordActivity"
177-->src/main/AndroidManifest.xml:142:13-54
178            android:label="@string/change_password_on_server" />
178-->src/main/AndroidManifest.xml:143:13-62
179        <activity
179-->src/main/AndroidManifest.xml:144:9-147:47
180            android:name="pl.rikitiki.im.ui.ManageAccountActivity"
180-->src/main/AndroidManifest.xml:145:13-53
181            android:label="@string/title_activity_manage_accounts"
181-->src/main/AndroidManifest.xml:146:13-67
182            android:launchMode="singleTask" />
182-->src/main/AndroidManifest.xml:147:13-44
183        <activity
183-->src/main/AndroidManifest.xml:148:9-151:70
184            android:name="pl.rikitiki.im.ui.EditAccountActivity"
184-->src/main/AndroidManifest.xml:149:13-51
185            android:launchMode="singleTask"
185-->src/main/AndroidManifest.xml:150:13-44
186            android:windowSoftInputMode="stateHidden|adjustResize" />
186-->src/main/AndroidManifest.xml:151:13-67
187        <activity
187-->src/main/AndroidManifest.xml:152:9-155:57
188            android:name="pl.rikitiki.im.ui.ConferenceDetailsActivity"
188-->src/main/AndroidManifest.xml:153:13-57
189            android:label="@string/title_activity_conference_details"
189-->src/main/AndroidManifest.xml:154:13-70
190            android:windowSoftInputMode="stateHidden" />
190-->src/main/AndroidManifest.xml:155:13-54
191        <activity
191-->src/main/AndroidManifest.xml:156:9-161:43
192            android:name="pl.rikitiki.im.ui.RtpSessionActivity"
192-->src/main/AndroidManifest.xml:157:13-50
193            android:excludeFromRecents="true"
193-->src/main/AndroidManifest.xml:159:13-46
194            android:launchMode="singleTask"
194-->src/main/AndroidManifest.xml:158:13-44
195            android:showWhenLocked="true"
195-->src/main/AndroidManifest.xml:160:13-42
196            android:turnScreenOn="true" />
196-->src/main/AndroidManifest.xml:161:13-40
197        <activity
197-->src/main/AndroidManifest.xml:162:9-165:57
198            android:name="pl.rikitiki.im.ui.ContactDetailsActivity"
198-->src/main/AndroidManifest.xml:163:13-54
199            android:label="@string/title_activity_contact_details"
199-->src/main/AndroidManifest.xml:164:13-67
200            android:windowSoftInputMode="stateHidden" />
200-->src/main/AndroidManifest.xml:165:13-54
201        <activity
201-->src/main/AndroidManifest.xml:166:9-169:57
202            android:name="pl.rikitiki.im.ui.PublishProfilePictureActivity"
202-->src/main/AndroidManifest.xml:167:13-61
203            android:label="@string/mgmt_account_publish_avatar"
203-->src/main/AndroidManifest.xml:168:13-64
204            android:windowSoftInputMode="stateHidden" />
204-->src/main/AndroidManifest.xml:169:13-54
205        <activity
205-->src/main/AndroidManifest.xml:170:9-173:57
206            android:name="pl.rikitiki.im.ui.VerifyOTRActivity"
206-->src/main/AndroidManifest.xml:171:13-49
207            android:label="@string/verify_otr"
207-->src/main/AndroidManifest.xml:172:13-47
208            android:windowSoftInputMode="stateHidden" />
208-->src/main/AndroidManifest.xml:173:13-54
209        <activity
209-->src/main/AndroidManifest.xml:174:9-203:20
210            android:name="pl.rikitiki.im.ui.ShareWithActivity"
210-->src/main/AndroidManifest.xml:175:13-49
211            android:exported="true"
211-->src/main/AndroidManifest.xml:177:13-36
212            android:label="@string/app_name" >
212-->src/main/AndroidManifest.xml:176:13-45
213            <intent-filter>
213-->src/main/AndroidManifest.xml:178:13-184:29
214                <action android:name="android.intent.action.SEND" />
214-->src/main/AndroidManifest.xml:179:17-69
214-->src/main/AndroidManifest.xml:179:25-66
215
216                <category android:name="android.intent.category.DEFAULT" />
216-->src/main/AndroidManifest.xml:82:17-76
216-->src/main/AndroidManifest.xml:82:27-73
217
218                <data android:mimeType="text/plain" />
218-->src/main/AndroidManifest.xml:84:17-47
218-->src/main/AndroidManifest.xml:183:23-52
219            </intent-filter>
220            <intent-filter>
220-->src/main/AndroidManifest.xml:185:13-191:29
221                <action android:name="android.intent.action.SEND" />
221-->src/main/AndroidManifest.xml:179:17-69
221-->src/main/AndroidManifest.xml:179:25-66
222
223                <category android:name="android.intent.category.DEFAULT" />
223-->src/main/AndroidManifest.xml:82:17-76
223-->src/main/AndroidManifest.xml:82:27-73
224
225                <data android:mimeType="*/*" />
225-->src/main/AndroidManifest.xml:84:17-47
225-->src/main/AndroidManifest.xml:183:23-52
226            </intent-filter>
227            <intent-filter>
227-->src/main/AndroidManifest.xml:192:13-198:29
228                <action android:name="android.intent.action.SEND_MULTIPLE" />
228-->src/main/AndroidManifest.xml:193:17-78
228-->src/main/AndroidManifest.xml:193:25-75
229
230                <category android:name="android.intent.category.DEFAULT" />
230-->src/main/AndroidManifest.xml:82:17-76
230-->src/main/AndroidManifest.xml:82:27-73
231
232                <data android:mimeType="image/*" />
232-->src/main/AndroidManifest.xml:84:17-47
232-->src/main/AndroidManifest.xml:183:23-52
233            </intent-filter>
234
235            <meta-data
235-->src/main/AndroidManifest.xml:200:13-202:73
236                android:name="android.service.chooser.chooser_target_service"
236-->src/main/AndroidManifest.xml:201:17-78
237                android:value=".services.ContactChooserTargetService" />
237-->src/main/AndroidManifest.xml:202:17-70
238        </activity>
239        <activity
239-->src/main/AndroidManifest.xml:204:9-207:63
240            android:name="pl.rikitiki.im.ui.TrustKeysActivity"
240-->src/main/AndroidManifest.xml:205:13-49
241            android:label="@string/trust_omemo_fingerprints"
241-->src/main/AndroidManifest.xml:206:13-61
242            android:windowSoftInputMode="stateAlwaysHidden" />
242-->src/main/AndroidManifest.xml:207:13-60
243        <activity
243-->src/main/AndroidManifest.xml:208:9-211:45
244            android:name="de.duenndns.ssl.MemorizingActivity"
244-->src/main/AndroidManifest.xml:209:13-62
245            android:theme="@style/ConversationsTheme" />
245-->src/main/AndroidManifest.xml:210:13-54
246        <activity
246-->src/main/AndroidManifest.xml:212:9-215:65
247            android:name="pl.rikitiki.im.ui.AboutActivity"
247-->src/main/AndroidManifest.xml:213:13-45
248            android:label="@string/title_activity_about"
248-->src/main/AndroidManifest.xml:214:13-57
249            android:parentActivityName="pl.rikitiki.im.ui.SettingsActivity" />
249-->src/main/AndroidManifest.xml:215:13-62
250        <activity android:name="com.soundcloud.android.crop.CropImageActivity" />
250-->src/main/AndroidManifest.xml:216:9-82
250-->src/main/AndroidManifest.xml:216:19-79
251
252        <service android:name="pl.rikitiki.im.services.ExportLogsService" />
252-->src/main/AndroidManifest.xml:218:9-63
252-->src/main/AndroidManifest.xml:218:18-60
253        <service
253-->src/main/AndroidManifest.xml:219:9-226:19
254            android:name="pl.rikitiki.im.services.ContactChooserTargetService"
254-->src/main/AndroidManifest.xml:220:13-65
255            android:exported="true"
255-->src/main/AndroidManifest.xml:221:13-36
256            android:permission="android.permission.BIND_CHOOSER_TARGET_SERVICE" >
256-->src/main/AndroidManifest.xml:222:13-80
257            <intent-filter>
257-->src/main/AndroidManifest.xml:223:13-225:29
258                <action android:name="android.service.chooser.ChooserTargetService" />
258-->src/main/AndroidManifest.xml:224:17-87
258-->src/main/AndroidManifest.xml:224:25-84
259            </intent-filter>
260        </service>
261
262        <provider
262-->INJECTED
263            android:name="androidx.core.content.FileProvider"
263-->src/main/AndroidManifest.xml:229:13-62
264            android:authorities="pl.rikitiki.im.files"
264-->INJECTED
265            android:exported="false"
265-->src/main/AndroidManifest.xml:231:13-37
266            android:grantUriPermissions="true" >
266-->src/main/AndroidManifest.xml:232:13-47
267            <meta-data
267-->src/main/AndroidManifest.xml:233:13-235:54
268                android:name="android.support.FILE_PROVIDER_PATHS"
268-->src/main/AndroidManifest.xml:234:17-67
269                android:resource="@xml/file_paths" />
269-->src/main/AndroidManifest.xml:235:17-51
270        </provider>
271        <provider
271-->INJECTED
272            android:name="pl.rikitiki.im.services.BarcodeProvider"
272-->src/main/AndroidManifest.xml:239:13-53
273            android:authorities="pl.rikitiki.im.barcodes"
273-->INJECTED
274            android:exported="false"
274-->src/main/AndroidManifest.xml:240:13-37
275            android:grantUriPermissions="true" />
275-->src/main/AndroidManifest.xml:241:13-47
276
277        <uses-library
277-->[androidx.window:window:1.0.0] AndroidManifest.xml:25:9-27:40
278            android:name="androidx.window.extensions"
278-->[androidx.window:window:1.0.0] AndroidManifest.xml:26:13-54
279            android:required="false" />
279-->[androidx.window:window:1.0.0] AndroidManifest.xml:27:13-37
280        <uses-library
280-->[androidx.window:window:1.0.0] AndroidManifest.xml:28:9-30:40
281            android:name="androidx.window.sidecar"
281-->[androidx.window:window:1.0.0] AndroidManifest.xml:29:13-51
282            android:required="false" />
282-->[androidx.window:window:1.0.0] AndroidManifest.xml:30:13-37
283
284        <provider
284-->[androidx.profileinstaller:profileinstaller:1.3.0] AndroidManifest.xml:24:9-32:20
285            android:name="androidx.startup.InitializationProvider"
285-->[androidx.profileinstaller:profileinstaller:1.3.0] AndroidManifest.xml:25:13-67
286            android:authorities="pl.rikitiki.im.androidx-startup"
286-->[androidx.profileinstaller:profileinstaller:1.3.0] AndroidManifest.xml:26:13-68
287            android:exported="false" >
287-->[androidx.profileinstaller:profileinstaller:1.3.0] AndroidManifest.xml:27:13-37
288            <meta-data
288-->[androidx.profileinstaller:profileinstaller:1.3.0] AndroidManifest.xml:29:13-31:52
289                android:name="androidx.profileinstaller.ProfileInstallerInitializer"
289-->[androidx.profileinstaller:profileinstaller:1.3.0] AndroidManifest.xml:30:17-85
290                android:value="androidx.startup" />
290-->[androidx.profileinstaller:profileinstaller:1.3.0] AndroidManifest.xml:31:17-49
291        </provider>
292
293        <receiver
293-->[androidx.profileinstaller:profileinstaller:1.3.0] AndroidManifest.xml:34:9-52:20
294            android:name="androidx.profileinstaller.ProfileInstallReceiver"
294-->[androidx.profileinstaller:profileinstaller:1.3.0] AndroidManifest.xml:35:13-76
295            android:directBootAware="false"